
START
PUSHS "Introduza o primeiro número: "
WRITES
WRITELN
READ
ATOI
STOREG 1
PUSHS "Introduza o segundo número: "
WRITES
WRITELN
READ
ATOI
STOREG 2
PUSHS "Introduza o terceiro número: "
WRITES
WRITELN
READ
ATOI
STOREG 3
PUSHG 1
PUSHG 2
SUP
JZ ELSE3
PUSHG 1
PUSHG 3
SUP
JZ ELSE1
PUSHG 1
STOREG 4
JUMP ENDIF1
ELSE1:
PUSHG 3
STOREG 4
ENDIF1:
JUMP ENDIF3
ELSE3:
PUSHG 2
PUSHG 3
SUP
JZ ELSE2
PUSHG 2
STOREG 4
JUMP ENDIF2
ELSE2:
PUSHG 3
STOREG 4
ENDIF2:
ENDIF3:
PUSHS "O maior é: "
WRITES
WRITELNPUSHG 4
WRITEI
STOP